# JRE version: OpenJDK Runtime Environment Temurin-17.0.11+9 (17.0.11+9) (build 17.0.11+9)
# Java VM: OpenJDK 64-Bit Server VM Temurin-17.0.11+9 (17.0.11+9, mixed mode, tiered, compressed oops, compressed class ptrs, g1 gc, windows-amd64)
GC Precious Log:
 CPUs: 8 total, 8 available
 Memory: 8101M
 Large Page Support: Disabled
 NUMA Support: Disabled
 Compressed Oops: Enabled (32-bit)
 Heap Region Size: 1M
 Heap Min Capacity: 8M
 Heap Initial Capacity: 128M
 Heap Max Capacity: 2026M
 Pre-touch: Disabled
 Parallel Workers: 8
 Concurrent Workers: 2
 Concurrent Refinement Workers: 8
 Periodic GC: Disabled
Heap:
 garbage-first heap   total 271360K, used 119612K [0x0000000081600000, 0x0000000100000000)
  region size 1024K, 4 young (4096K), 4 survivors (4096K)
 Metaspace       used 85596K, committed 86528K, reserved 1179648K
  class space    used 9665K, committed 10112K, reserved 1048576K
GC Heap History (20 events):
Event: 19.052 GC heap after
{Heap after GC invocations=46 (full 0):
 garbage-first heap   total 199680K, used 111740K [0x0000000081600000, 0x0000000100000000)
  region size 1024K, 6 young (6144K), 6 survivors (6144K)
 Metaspace       used 85477K, committed 86464K, reserved 1179648K
  class space    used 9659K, committed 10112K, reserved 1048576K
}
Event: 19.167 GC heap before
{Heap before GC invocations=46 (full 0):
 garbage-first heap   total 199680K, used 114812K [0x0000000081600000, 0x0000000100000000)
  region size 1024K, 9 young (9216K), 6 survivors (6144K)
 Metaspace       used 85479K, committed 86464K, reserved 1179648K
  class space    used 9659K, committed 10112K, reserved 1048576K
}
Event: 19.171 GC heap after
{Heap after GC invocations=47 (full 0):
 garbage-first heap   total 199680K, used 110197K [0x0000000081600000, 0x0000000100000000)
  region size 1024K, 1 young (1024K), 1 survivors (1024K)
 Metaspace       used 85479K, committed 86464K, reserved 1179648K
  class space    used 9659K, committed 10112K, reserved 1048576K
}
Event: 19.665 GC heap before
{Heap before GC invocations=47 (full 0):
 garbage-first heap   total 199680K, used 159349K [0x0000000081600000, 0x0000000100000000)
  region size 1024K, 49 young (50176K), 1 survivors (1024K)
 Metaspace       used 85479K, committed 86464K, reserved 1179648K
  class space    used 9659K, committed 10112K, reserved 1048576K
}
Event: 19.667 GC heap after
{Heap after GC invocations=48 (full 0):
 garbage-first heap   total 239616K, used 109941K [0x0000000081600000, 0x0000000100000000)
  region size 1024K, 1 young (1024K), 1 survivors (1024K)
 Metaspace       used 85479K, committed 86464K, reserved 1179648K
  class space    used 9659K, committed 10112K, reserved 1048576K
}
Event: 20.070 GC heap before
{Heap before GC invocations=49 (full 0):
 garbage-first heap   total 239616K, used 193909K [0x0000000081600000, 0x0000000100000000)
  region size 1024K, 83 young (84992K), 1 survivors (1024K)
 Metaspace       used 85512K, committed 86464K, reserved 1179648K
  class space    used 9659K, committed 10112K, reserved 1048576K
}
Event: 20.075 GC heap after
{Heap after GC invocations=50 (full 0):
 garbage-first heap   total 239616K, used 115850K [0x0000000081600000, 0x0000000100000000)
  region size 1024K, 7 young (7168K), 7 survivors (7168K)
 Metaspace       used 85512K, committed 86464K, reserved 1179648K
  class space    used 9659K, committed 10112K, reserved 1048576K
}
Event: 20.100 GC heap before
{Heap before GC invocations=50 (full 0):
 garbage-first heap   total 239616K, used 119946K [0x0000000081600000, 0x0000000100000000)
  region size 1024K, 11 young (11264K), 7 survivors (7168K)
 Metaspace       used 85512K, committed 86464K, reserved 1179648K
  class space    used 9659K, committed 10112K, reserved 1048576K
}
Event: 20.105 GC heap after
{Heap after GC invocations=51 (full 0):
 garbage-first heap   total 239616K, used 114471K [0x0000000081600000, 0x0000000100000000)
  region size 1024K, 1 young (1024K), 1 survivors (1024K)
 Metaspace       used 85512K, committed 86464K, reserved 1179648K
  class space    used 9659K, committed 10112K, reserved 1048576K
}
Event: 20.379 GC heap before
{Heap before GC invocations=51 (full 0):
 garbage-first heap   total 239616K, used 195367K [0x0000000081600000, 0x0000000100000000)
  region size 1024K, 80 young (81920K), 1 survivors (1024K)
 Metaspace       used 85535K, committed 86528K, reserved 1179648K
  class space    used 9659K, committed 10112K, reserved 1048576K
}
Event: 20.380 GC heap after
{Heap after GC invocations=52 (full 0):
 garbage-first heap   total 239616K, used 114974K [0x0000000081600000, 0x0000000100000000)
  region size 1024K, 2 young (2048K), 2 survivors (2048K)
 Metaspace       used 85535K, committed 86528K, reserved 1179648K
  class space    used 9659K, committed 10112K, reserved 1048576K
}
Event: 20.782 GC heap before
{Heap before GC invocations=52 (full 0):
 garbage-first heap   total 239616K, used 197918K [0x0000000081600000, 0x0000000100000000)
  region size 1024K, 83 young (84992K), 2 survivors (2048K)
 Metaspace       used 85574K, committed 86528K, reserved 1179648K
  class space    used 9665K, committed 10112K, reserved 1048576K
}
Event: 20.785 GC heap after
{Heap after GC invocations=53 (full 0):
 garbage-first heap   total 239616K, used 116548K [0x0000000081600000, 0x0000000100000000)
  region size 1024K, 3 young (3072K), 3 survivors (3072K)
 Metaspace       used 85574K, committed 86528K, reserved 1179648K
  class space    used 9665K, committed 10112K, reserved 1048576K
}
Event: 21.073 GC heap before
{Heap before GC invocations=53 (full 0):
 garbage-first heap   total 239616K, used 200516K [0x0000000081600000, 0x0000000100000000)
  region size 1024K, 85 young (87040K), 3 survivors (3072K)
 Metaspace       used 85592K, committed 86528K, reserved 1179648K
  class space    used 9665K, committed 10112K, reserved 1048576K
}
Event: 21.076 GC heap after
{Heap after GC invocations=54 (full 0):
 garbage-first heap   total 239616K, used 117731K [0x0000000081600000, 0x0000000100000000)
  region size 1024K, 4 young (4096K), 4 survivors (4096K)
 Metaspace       used 85592K, committed 86528K, reserved 1179648K
  class space    used 9665K, committed 10112K, reserved 1048576K
}
Event: 21.289 GC heap before
{Heap before GC invocations=55 (full 0):
 garbage-first heap   total 271360K, used 201699K [0x0000000081600000, 0x0000000100000000)
  region size 1024K, 86 young (88064K), 4 survivors (4096K)
 Metaspace       used 85593K, committed 86528K, reserved 1179648K
  class space    used 9665K, committed 10112K, reserved 1048576K
}
Event: 21.294 GC heap after
{Heap after GC invocations=56 (full 0):
 garbage-first heap   total 271360K, used 118468K [0x0000000081600000, 0x0000000100000000)
  region size 1024K, 5 young (5120K), 5 survivors (5120K)
 Metaspace       used 85593K, committed 86528K, reserved 1179648K
  class space    used 9665K, committed 10112K, reserved 1048576K
}
Event: 21.334 GC heap before
{Heap before GC invocations=56 (full 0):
 garbage-first heap   total 271360K, used 126660K [0x0000000081600000, 0x0000000100000000)
  region size 1024K, 13 young (13312K), 5 survivors (5120K)
 Metaspace       used 85593K, committed 86528K, reserved 1179648K
  class space    used 9665K, committed 10112K, reserved 1048576K
}
Event: 21.338 GC heap after
{Heap after GC invocations=57 (full 0):
 garbage-first heap   total 271360K, used 117427K [0x0000000081600000, 0x0000000100000000)
  region size 1024K, 1 young (1024K), 1 survivors (1024K)
 Metaspace       used 85593K, committed 86528K, reserved 1179648K
  class space    used 9665K, committed 10112K, reserved 1048576K
}
Event: 21.586 GC heap before
{Heap before GC invocations=57 (full 0):
 garbage-first heap   total 271360K, used 229043K [0x0000000081600000, 0x0000000100000000)
  region size 1024K, 110 young (112640K), 1 survivors (1024K)
 Metaspace       used 85596K, committed 86528K, reserved 1179648K
  class space    used 9665K, committed 10112K, reserved 1048576K
}

