# JRE version: OpenJDK Runtime Environment Temurin-17.0.11+9 (17.0.11+9) (build 17.0.11+9)
# Java VM: OpenJDK 64-Bit Server VM Temurin-17.0.11+9 (17.0.11+9, mixed mode, tiered, compressed oops, compressed class ptrs, g1 gc, windows-amd64)
GC Precious Log:
 CPUs: 8 total, 8 available
 Memory: 8101M
 Large Page Support: Disabled
 NUMA Support: Disabled
 Compressed Oops: Enabled (32-bit)
 Heap Region Size: 1M
 Heap Min Capacity: 8M
 Heap Initial Capacity: 128M
 Heap Max Capacity: 2026M
 Pre-touch: Disabled
 Parallel Workers: 8
 Concurrent Workers: 2
 Concurrent Refinement Workers: 8
 Periodic GC: Disabled
Heap:
 garbage-first heap   total 258048K, used 211540K [0x0000000081600000, 0x0000000100000000)
  region size 1024K, 109 young (111616K), 15 survivors (15360K)
 Metaspace       used 75544K, committed 76480K, reserved 1179648K
  class space    used 8603K, committed 9024K, reserved 1048576K
GC Heap History (20 events):
Event: 15.155 GC heap before
{Heap before GC invocations=42 (full 0):
 garbage-first heap   total 215040K, used 168287K [0x0000000081600000, 0x0000000100000000)
  region size 1024K, 68 young (69632K), 5 survivors (5120K)
 Metaspace       used 71831K, committed 72768K, reserved 1114112K
  class space    used 8225K, committed 8704K, reserved 1048576K
}
Event: 15.159 GC heap after
{Heap after GC invocations=43 (full 0):
 garbage-first heap   total 215040K, used 103616K [0x0000000081600000, 0x0000000100000000)
  region size 1024K, 5 young (5120K), 5 survivors (5120K)
 Metaspace       used 71831K, committed 72768K, reserved 1114112K
  class space    used 8225K, committed 8704K, reserved 1048576K
}
Event: 15.297 GC heap before
{Heap before GC invocations=43 (full 0):
 garbage-first heap   total 215040K, used 182464K [0x0000000081600000, 0x0000000100000000)
  region size 1024K, 82 young (83968K), 5 survivors (5120K)
 Metaspace       used 71831K, committed 72768K, reserved 1114112K
  class space    used 8225K, committed 8704K, reserved 1048576K
}
Event: 15.302 GC heap after
{Heap after GC invocations=44 (full 0):
 garbage-first heap   total 215040K, used 103753K [0x0000000081600000, 0x0000000100000000)
  region size 1024K, 5 young (5120K), 5 survivors (5120K)
 Metaspace       used 71831K, committed 72768K, reserved 1114112K
  class space    used 8225K, committed 8704K, reserved 1048576K
}
Event: 15.700 GC heap before
{Heap before GC invocations=45 (full 0):
 garbage-first heap   total 215040K, used 186697K [0x0000000081600000, 0x0000000100000000)
  region size 1024K, 86 young (88064K), 5 survivors (5120K)
 Metaspace       used 71873K, committed 72896K, reserved 1114112K
  class space    used 8225K, committed 8704K, reserved 1048576K
}
Event: 15.704 GC heap after
{Heap after GC invocations=46 (full 0):
 garbage-first heap   total 215040K, used 102934K [0x0000000081600000, 0x0000000100000000)
  region size 1024K, 4 young (4096K), 4 survivors (4096K)
 Metaspace       used 71873K, committed 72896K, reserved 1114112K
  class space    used 8225K, committed 8704K, reserved 1048576K
}
Event: 15.952 GC heap before
{Heap before GC invocations=46 (full 0):
 garbage-first heap   total 215040K, used 186902K [0x0000000081600000, 0x0000000100000000)
  region size 1024K, 86 young (88064K), 4 survivors (4096K)
 Metaspace       used 71888K, committed 72896K, reserved 1114112K
  class space    used 8225K, committed 8704K, reserved 1048576K
}
Event: 15.956 GC heap after
{Heap after GC invocations=47 (full 0):
 garbage-first heap   total 215040K, used 104387K [0x0000000081600000, 0x0000000100000000)
  region size 1024K, 6 young (6144K), 6 survivors (6144K)
 Metaspace       used 71888K, committed 72896K, reserved 1114112K
  class space    used 8225K, committed 8704K, reserved 1048576K
}
Event: 16.223 GC heap before
{Heap before GC invocations=48 (full 0):
 garbage-first heap   total 215040K, used 186307K [0x0000000081600000, 0x0000000100000000)
  region size 1024K, 86 young (88064K), 6 survivors (6144K)
 Metaspace       used 71916K, committed 72896K, reserved 1114112K
  class space    used 8225K, committed 8704K, reserved 1048576K
}
Event: 16.228 GC heap after
{Heap after GC invocations=49 (full 0):
 garbage-first heap   total 215040K, used 105639K [0x0000000081600000, 0x0000000100000000)
  region size 1024K, 7 young (7168K), 7 survivors (7168K)
 Metaspace       used 71916K, committed 72896K, reserved 1114112K
  class space    used 8225K, committed 8704K, reserved 1048576K
}
Event: 16.431 GC heap before
{Heap before GC invocations=49 (full 0):
 garbage-first heap   total 215040K, used 185511K [0x0000000081600000, 0x0000000100000000)
  region size 1024K, 85 young (87040K), 7 survivors (7168K)
 Metaspace       used 71933K, committed 72896K, reserved 1114112K
  class space    used 8225K, committed 8704K, reserved 1048576K
}
Event: 16.437 GC heap after
{Heap after GC invocations=50 (full 0):
 garbage-first heap   total 258048K, used 106758K [0x0000000081600000, 0x0000000100000000)
  region size 1024K, 5 young (5120K), 5 survivors (5120K)
 Metaspace       used 71933K, committed 72896K, reserved 1114112K
  class space    used 8225K, committed 8704K, reserved 1048576K
}
Event: 16.667 GC heap before
{Heap before GC invocations=51 (full 0):
 garbage-first heap   total 258048K, used 221446K [0x0000000081600000, 0x0000000100000000)
  region size 1024K, 117 young (119808K), 5 survivors (5120K)
 Metaspace       used 71937K, committed 72896K, reserved 1114112K
  class space    used 8225K, committed 8704K, reserved 1048576K
}
Event: 16.671 GC heap after
{Heap after GC invocations=52 (full 0):
 garbage-first heap   total 258048K, used 108145K [0x0000000081600000, 0x0000000100000000)
  region size 1024K, 7 young (7168K), 7 survivors (7168K)
 Metaspace       used 71937K, committed 72896K, reserved 1114112K
  class space    used 8225K, committed 8704K, reserved 1048576K
}
Event: 17.021 GC heap before
{Heap before GC invocations=52 (full 0):
 garbage-first heap   total 258048K, used 220785K [0x0000000081600000, 0x0000000100000000)
  region size 1024K, 117 young (119808K), 7 survivors (7168K)
 Metaspace       used 72250K, committed 73216K, reserved 1114112K
  class space    used 8264K, committed 8704K, reserved 1048576K
}
Event: 17.026 GC heap after
{Heap after GC invocations=53 (full 0):
 garbage-first heap   total 258048K, used 108786K [0x0000000081600000, 0x0000000100000000)
  region size 1024K, 7 young (7168K), 7 survivors (7168K)
 Metaspace       used 72250K, committed 73216K, reserved 1114112K
  class space    used 8264K, committed 8704K, reserved 1048576K
}
Event: 17.442 GC heap before
{Heap before GC invocations=53 (full 0):
 garbage-first heap   total 258048K, used 222450K [0x0000000081600000, 0x0000000100000000)
  region size 1024K, 118 young (120832K), 7 survivors (7168K)
 Metaspace       used 72533K, committed 73472K, reserved 1114112K
  class space    used 8268K, committed 8704K, reserved 1048576K
}
Event: 17.450 GC heap after
{Heap after GC invocations=54 (full 0):
 garbage-first heap   total 258048K, used 110306K [0x0000000081600000, 0x0000000100000000)
  region size 1024K, 9 young (9216K), 9 survivors (9216K)
 Metaspace       used 72533K, committed 73472K, reserved 1114112K
  class space    used 8268K, committed 8704K, reserved 1048576K
}
Event: 19.376 GC heap before
{Heap before GC invocations=54 (full 0):
 garbage-first heap   total 258048K, used 219874K [0x0000000081600000, 0x0000000100000000)
  region size 1024K, 117 young (119808K), 9 survivors (9216K)
 Metaspace       used 74317K, committed 75264K, reserved 1179648K
  class space    used 8461K, committed 8896K, reserved 1048576K
}
Event: 19.386 GC heap after
{Heap after GC invocations=55 (full 0):
 garbage-first heap   total 258048K, used 117332K [0x0000000081600000, 0x0000000100000000)
  region size 1024K, 15 young (15360K), 15 survivors (15360K)
 Metaspace       used 74317K, committed 75264K, reserved 1179648K
  class space    used 8461K, committed 8896K, reserved 1048576K
}

