# JRE version: OpenJDK Runtime Environment Temurin-17.0.11+9 (17.0.11+9) (build 17.0.11+9)
# Java VM: OpenJDK 64-Bit Server VM Temurin-17.0.11+9 (17.0.11+9, mixed mode, tiered, compressed oops, compressed class ptrs, g1 gc, windows-amd64)
GC Precious Log:
 CPUs: 8 total, 8 available
 Memory: 8101M
 Large Page Support: Disabled
 NUMA Support: Disabled
 Compressed Oops: Enabled (32-bit)
 Heap Region Size: 1M
 Heap Min Capacity: 8M
 Heap Initial Capacity: 128M
 Heap Max Capacity: 2026M
 Pre-touch: Disabled
 Parallel Workers: 8
 Concurrent Workers: 2
 Concurrent Refinement Workers: 8
 Periodic GC: Disabled
Heap:
 garbage-first heap   total 454656K, used 364471K [0x0000000081600000, 0x0000000100000000)
  region size 1024K, 6 young (6144K), 6 survivors (6144K)
 Metaspace       used 103212K, committed 104448K, reserved 1179648K
  class space    used 12041K, committed 12608K, reserved 1048576K
GC Heap History (20 events):
Event: 591.652 GC heap after
{Heap after GC invocations=82 (full 0):
 garbage-first heap   total 454656K, used 269945K [0x0000000081600000, 0x0000000100000000)
  region size 1024K, 2 young (2048K), 2 survivors (2048K)
 Metaspace       used 102837K, committed 104064K, reserved 1179648K
  class space    used 12034K, committed 12608K, reserved 1048576K
}
Event: 592.359 GC heap before
{Heap before GC invocations=82 (full 0):
 garbage-first heap   total 454656K, used 387705K [0x0000000081600000, 0x0000000100000000)
  region size 1024K, 117 young (119808K), 2 survivors (2048K)
 Metaspace       used 102966K, committed 104192K, reserved 1179648K
  class space    used 12034K, committed 12608K, reserved 1048576K
}
Event: 592.367 GC heap after
{Heap after GC invocations=83 (full 0):
 garbage-first heap   total 454656K, used 278752K [0x0000000081600000, 0x0000000100000000)
  region size 1024K, 11 young (11264K), 11 survivors (11264K)
 Metaspace       used 102966K, committed 104192K, reserved 1179648K
  class space    used 12034K, committed 12608K, reserved 1048576K
}
Event: 592.616 GC heap before
{Heap before GC invocations=83 (full 0):
 garbage-first heap   total 454656K, used 384224K [0x0000000081600000, 0x0000000100000000)
  region size 1024K, 114 young (116736K), 11 survivors (11264K)
 Metaspace       used 102966K, committed 104192K, reserved 1179648K
  class space    used 12034K, committed 12608K, reserved 1048576K
}
Event: 592.630 GC heap after
{Heap after GC invocations=84 (full 0):
 garbage-first heap   total 454656K, used 294230K [0x0000000081600000, 0x0000000100000000)
  region size 1024K, 15 young (15360K), 15 survivors (15360K)
 Metaspace       used 102966K, committed 104192K, reserved 1179648K
  class space    used 12034K, committed 12608K, reserved 1048576K
}
Event: 592.736 GC heap before
{Heap before GC invocations=84 (full 0):
 garbage-first heap   total 454656K, used 383318K [0x0000000081600000, 0x0000000100000000)
  region size 1024K, 102 young (104448K), 15 survivors (15360K)
 Metaspace       used 102966K, committed 104192K, reserved 1179648K
  class space    used 12034K, committed 12608K, reserved 1048576K
}
Event: 592.748 GC heap after
{Heap after GC invocations=85 (full 0):
 garbage-first heap   total 454656K, used 301271K [0x0000000081600000, 0x0000000100000000)
  region size 1024K, 13 young (13312K), 13 survivors (13312K)
 Metaspace       used 102966K, committed 104192K, reserved 1179648K
  class space    used 12034K, committed 12608K, reserved 1048576K
}
Event: 593.147 GC heap before
{Heap before GC invocations=85 (full 0):
 garbage-first heap   total 454656K, used 377047K [0x0000000081600000, 0x0000000100000000)
  region size 1024K, 87 young (89088K), 13 survivors (13312K)
 Metaspace       used 103155K, committed 104384K, reserved 1179648K
  class space    used 12039K, committed 12608K, reserved 1048576K
}
Event: 593.168 GC heap after
{Heap after GC invocations=86 (full 0):
 garbage-first heap   total 454656K, used 319090K [0x0000000081600000, 0x0000000100000000)
  region size 1024K, 11 young (11264K), 11 survivors (11264K)
 Metaspace       used 103155K, committed 104384K, reserved 1179648K
  class space    used 12039K, committed 12608K, reserved 1048576K
}
Event: 593.544 GC heap before
{Heap before GC invocations=86 (full 0):
 garbage-first heap   total 454656K, used 378482K [0x0000000081600000, 0x0000000100000000)
  region size 1024K, 69 young (70656K), 11 survivors (11264K)
 Metaspace       used 103180K, committed 104384K, reserved 1179648K
  class space    used 12039K, committed 12608K, reserved 1048576K
}
Event: 593.557 GC heap after
{Heap after GC invocations=87 (full 0):
 garbage-first heap   total 454656K, used 328068K [0x0000000081600000, 0x0000000100000000)
  region size 1024K, 8 young (8192K), 8 survivors (8192K)
 Metaspace       used 103180K, committed 104384K, reserved 1179648K
  class space    used 12039K, committed 12608K, reserved 1048576K
}
Event: 593.845 GC heap before
{Heap before GC invocations=87 (full 0):
 garbage-first heap   total 454656K, used 382340K [0x0000000081600000, 0x0000000100000000)
  region size 1024K, 61 young (62464K), 8 survivors (8192K)
 Metaspace       used 103186K, committed 104448K, reserved 1179648K
  class space    used 12041K, committed 12608K, reserved 1048576K
}
Event: 593.854 GC heap after
{Heap after GC invocations=88 (full 0):
 garbage-first heap   total 454656K, used 335047K [0x0000000081600000, 0x0000000100000000)
  region size 1024K, 7 young (7168K), 7 survivors (7168K)
 Metaspace       used 103186K, committed 104448K, reserved 1179648K
  class space    used 12041K, committed 12608K, reserved 1048576K
}
Event: 594.172 GC heap before
{Heap before GC invocations=88 (full 0):
 garbage-first heap   total 454656K, used 386247K [0x0000000081600000, 0x0000000100000000)
  region size 1024K, 57 young (58368K), 7 survivors (7168K)
 Metaspace       used 103188K, committed 104448K, reserved 1179648K
  class space    used 12041K, committed 12608K, reserved 1048576K
}
Event: 594.179 GC heap after
{Heap after GC invocations=89 (full 0):
 garbage-first heap   total 454656K, used 342371K [0x0000000081600000, 0x0000000100000000)
  region size 1024K, 7 young (7168K), 7 survivors (7168K)
 Metaspace       used 103188K, committed 104448K, reserved 1179648K
  class space    used 12041K, committed 12608K, reserved 1048576K
}
Event: 595.113 GC heap before
{Heap before GC invocations=89 (full 0):
 garbage-first heap   total 454656K, used 388451K [0x0000000081600000, 0x0000000100000000)
  region size 1024K, 53 young (54272K), 7 survivors (7168K)
 Metaspace       used 103212K, committed 104448K, reserved 1179648K
  class space    used 12041K, committed 12608K, reserved 1048576K
}
Event: 595.133 GC heap after
{Heap after GC invocations=90 (full 0):
 garbage-first heap   total 454656K, used 346591K [0x0000000081600000, 0x0000000100000000)
  region size 1024K, 5 young (5120K), 5 survivors (5120K)
 Metaspace       used 103212K, committed 104448K, reserved 1179648K
  class space    used 12041K, committed 12608K, reserved 1048576K
}
Event: 595.311 GC heap before
{Heap before GC invocations=90 (full 0):
 garbage-first heap   total 454656K, used 391647K [0x0000000081600000, 0x0000000100000000)
  region size 1024K, 49 young (50176K), 5 survivors (5120K)
 Metaspace       used 103212K, committed 104448K, reserved 1179648K
  class space    used 12041K, committed 12608K, reserved 1048576K
}
Event: 595.325 GC heap after
{Heap after GC invocations=91 (full 0):
 garbage-first heap   total 454656K, used 357692K [0x0000000081600000, 0x0000000100000000)
  region size 1024K, 7 young (7168K), 7 survivors (7168K)
 Metaspace       used 103212K, committed 104448K, reserved 1179648K
  class space    used 12041K, committed 12608K, reserved 1048576K
}
Event: 595.417 GC heap before
{Heap before GC invocations=91 (full 0):
 garbage-first heap   total 454656K, used 392508K [0x0000000081600000, 0x0000000100000000)
  region size 1024K, 41 young (41984K), 7 survivors (7168K)
 Metaspace       used 103212K, committed 104448K, reserved 1179648K
  class space    used 12041K, committed 12608K, reserved 1048576K
}

